<?xml version="1.0" encoding="UTF-8"?>
<!-- Generated by org.testng.reporters.JUnitReportReporter -->
<testsuite skipped="0" hostname="DESKTOP-UHORISU" name="testCases.DemoTest" tests="1" failures="0" timestamp="02 Nov 2022 06:56:01 GMT" time="0.702" errors="0">
  <testcase name="test" time="0.702" classname="testCases.DemoTest"/>
</testsuite> <!-- testCases.DemoTest -->
