<?xml version="1.0" encoding="UTF-8"?>
<!-- Generated by org.testng.reporters.JUnitReportReporter -->
<testsuite skipped="0" hostname="DESKTOP-UHORISU" name="testCases.testcases" tests="1" failures="0" timestamp="24 Nov 2022 07:19:09 GMT" time="9.575" errors="0">
  <testcase name="regressionTestcases" time="9.575" classname="testCases.testcases"/>
</testsuite> <!-- testCases.testcases -->
