<?xml version="1.0" encoding="UTF-8"?>
<!-- Generated by org.testng.reporters.JUnitReportReporter -->
<testsuite skipped="0" hostname="DESKTOP-UHORISU" name="testing.KPI_Test" tests="1" failures="0" timestamp="02 Nov 2022 10:55:08 GMT" time="6.856" errors="0">
  <testcase name="testKPICreation" time="6.856" classname="testing.KPI_Test"/>
</testsuite> <!-- testing.KPI_Test -->
