<?xml version="1.0" encoding="UTF-8"?>
<!-- Generated by org.testng.reporters.JUnitReportReporter -->
<testsuite skipped="0" hostname="DESKTOP-UHORISU" name="testing.CreateNewAC" tests="1" failures="0" timestamp="03 Nov 2022 16:33:07 GMT" time="6.993" errors="0">
  <testcase name="createNewAccount" time="6.993" classname="testing.CreateNewAC"/>
</testsuite> <!-- testing.CreateNewAC -->
